Determining if the pthread_create exist failed with the following output:
Change Dir: /home/peng/CS543_workspace/src/TrajOpt_Service/octomap_env_catcher/octomap_server/build/CMakeFiles/CMakeTmp

Run Build Command:/usr/bin/make "cmTryCompileExec2501467256/fast"
/usr/bin/make -f CMakeFiles/cmTryCompileExec2501467256.dir/build.make CMakeFiles/cmTryCompileExec2501467256.dir/build
make[1]: Entering directory `/home/peng/CS543_workspace/src/TrajOpt_Service/octomap_env_catcher/octomap_server/build/CMakeFiles/CMakeTmp'
/usr/bin/cmake -E cmake_progress_report /home/peng/CS543_workspace/src/TrajOpt_Service/octomap_env_catcher/octomap_server/build/CMakeFiles/CMakeTmp/CMakeFiles 1
Building C object CMakeFiles/cmTryCompileExec2501467256.dir/CheckSymbolExists.c.o
/usr/bin/gcc    -o CMakeFiles/cmTryCompileExec2501467256.dir/CheckSymbolExists.c.o   -c /home/peng/CS543_workspace/src/TrajOpt_Service/octomap_env_catcher/octomap_server/build/CMakeFiles/CMakeTmp/CheckSymbolExists.c
Linking C executable cmTryCompileExec2501467256
/usr/bin/cmake -E cmake_link_script CMakeFiles/cmTryCompileExec2501467256.dir/link.txt --verbose=1
/usr/bin/gcc         CMakeFiles/cmTryCompileExec2501467256.dir/CheckSymbolExists.c.o  -o cmTryCompileExec2501467256 -rdynamic 
CMakeFiles/cmTryCompileExec2501467256.dir/CheckSymbolExists.c.o: In function `main':
CheckSymbolExists.c:(.text+0x16): undefined reference to `pthread_create'
collect2: ld returned 1 exit status
make[1]: *** [cmTryCompileExec2501467256] Error 1
make[1]: Leaving directory `/home/peng/CS543_workspace/src/TrajOpt_Service/octomap_env_catcher/octomap_server/build/CMakeFiles/CMakeTmp'
make: *** [cmTryCompileExec2501467256/fast] Error 2

File /home/peng/CS543_workspace/src/TrajOpt_Service/octomap_env_catcher/octomap_server/build/CMakeFiles/CMakeTmp/CheckSymbolExists.c:
/* */
#include <pthread.h>

int main(int argc, char** argv)
{
  (void)argv;
#ifndef pthread_create
  return ((int*)(&pthread_create))[argc];
#else
  (void)argc;
  return 0;
#endif
}

Determining if the function pthread_create exists in the pthreads failed with the following output:
Change Dir: /home/peng/CS543_workspace/src/TrajOpt_Service/octomap_env_catcher/octomap_server/build/CMakeFiles/CMakeTmp

Run Build Command:/usr/bin/make "cmTryCompileExec2272484963/fast"
/usr/bin/make -f CMakeFiles/cmTryCompileExec2272484963.dir/build.make CMakeFiles/cmTryCompileExec2272484963.dir/build
make[1]: Entering directory `/home/peng/CS543_workspace/src/TrajOpt_Service/octomap_env_catcher/octomap_server/build/CMakeFiles/CMakeTmp'
/usr/bin/cmake -E cmake_progress_report /home/peng/CS543_workspace/src/TrajOpt_Service/octomap_env_catcher/octomap_server/build/CMakeFiles/CMakeTmp/CMakeFiles 1
Building C object CMakeFiles/cmTryCompileExec2272484963.dir/CheckFunctionExists.c.o
/usr/bin/gcc   -DCHECK_FUNCTION_EXISTS=pthread_create   -o CMakeFiles/cmTryCompileExec2272484963.dir/CheckFunctionExists.c.o   -c /usr/share/cmake-2.8/Modules/CheckFunctionExists.c
Linking C executable cmTryCompileExec2272484963
/usr/bin/cmake -E cmake_link_script CMakeFiles/cmTryCompileExec2272484963.dir/link.txt --verbose=1
/usr/bin/gcc     -DCHECK_FUNCTION_EXISTS=pthread_create    CMakeFiles/cmTryCompileExec2272484963.dir/CheckFunctionExists.c.o  -o cmTryCompileExec2272484963 -rdynamic -lpthreads 
/usr/bin/ld: cannot find -lpthreads
collect2: ld returned 1 exit status
make[1]: *** [cmTryCompileExec2272484963] Error 1
make[1]: Leaving directory `/home/peng/CS543_workspace/src/TrajOpt_Service/octomap_env_catcher/octomap_server/build/CMakeFiles/CMakeTmp'
make: *** [cmTryCompileExec2272484963/fast] Error 2


